starting submit for 20 GeV e- and the output will be e_20GeV_0th.root
mkdir: cannot create directory ‘/fcc/tikim/results/ele/brass/e_20GeV_0th/’: File exists
Submitting job(s)....................................................................................................................................................................................................................................................................................................................................................................................................................................................................................................................
500 job(s) submitted to cluster 1276.
Simulation is done

starting submit for 5 GeV e- and the output will be e_5GeV_0th.root
Submitting job(s)....................................................................................................................................................................................................................................................................................................................................................................................................................................................................................................................
500 job(s) submitted to cluster 1277.
Simulation is done

starting submit for 10 GeV e- and the output will be e_10GeV_0th.root
Submitting job(s)....................................................................................................................................................................................................................................................................................................................................................................................................................................................................................................................
500 job(s) submitted to cluster 1278.
Simulation is done

starting submit for 30 GeV e- and the output will be e_30GeV_0th.root
Submitting job(s)....................................................................................................................................................................................................................................................................................................................................................................................................................................................................................................................
500 job(s) submitted to cluster 1279.
Simulation is done

starting submit for 50 GeV e- and the output will be e_50GeV_0th.root
Submitting job(s)....................................................................................................................................................................................................................................................................................................................................................................................................................................................................................................................
500 job(s) submitted to cluster 1280.
