Info in <TCanvas::Print>: png file /fcc/tikim/results/ele/iron_theta3/e_10GeV_0th/e_10GeV_0th_Edep.png has been created
Info in <TCanvas::Print>: png file /fcc/tikim/results/ele/iron_theta3/e_10GeV_0th/e_10GeV_0th_EcsHist.png has been created
Info in <TCanvas::Print>: png file /fcc/tikim/results/ele/iron_theta3/e_10GeV_0th/e_10GeV_0th_Ecs.png has been created
Info in <TCanvas::Print>: png file /fcc/tikim/results/ele/iron_theta3/e_10GeV_0th/e_10GeV_0th_Esum.png has been created
Info in <TCanvas::Print>: png file /fcc/tikim/results/ele/iron_theta3/e_10GeV_0th/e_10GeV_0th_Pleak.png has been created
Info in <TCanvas::Print>: png file /fcc/tikim/results/ele/iron_theta3/e_10GeV_0th/e_10GeV_0th_Pleak_nu.png has been created
Info in <TCanvas::Print>: png file /fcc/tikim/results/ele/iron_theta3/e_10GeV_0th/e_10GeV_0th_SvsC.png has been created
Info in <TCanvas::Print>: png file /fcc/tikim/results/ele/iron_theta3/e_10GeV_0th/e_10GeV_0th_tC.png has been created
Info in <TCanvas::Print>: png file /fcc/tikim/results/ele/iron_theta3/e_10GeV_0th/e_10GeV_0th_tS.png has been created
Info in <TCanvas::Print>: png file /fcc/tikim/results/ele/iron_theta3/e_10GeV_0th/e_10GeV_0th_wavC.png has been created
Info in <TCanvas::Print>: png file /fcc/tikim/results/ele/iron_theta3/e_10GeV_0th/e_10GeV_0th_wavS.png has been created
Info in <TCanvas::Print>: png file /fcc/tikim/results/ele/iron_theta3/e_10GeV_0th/e_10GeV_0th_nhitC.png has been created
Info in <TCanvas::Print>: png file /fcc/tikim/results/ele/iron_theta3/e_10GeV_0th/e_10GeV_0th_nhitS.png has been created
Info in <TCanvas::Print>: png file /fcc/tikim/results/ele/iron_theta3/e_30GeV_0th/e_30GeV_0th_Edep.png has been created
Info in <TCanvas::Print>: png file /fcc/tikim/results/ele/iron_theta3/e_30GeV_0th/e_30GeV_0th_EcsHist.png has been created
Info in <TCanvas::Print>: png file /fcc/tikim/results/ele/iron_theta3/e_30GeV_0th/e_30GeV_0th_Ecs.png has been created
Info in <TCanvas::Print>: png file /fcc/tikim/results/ele/iron_theta3/e_30GeV_0th/e_30GeV_0th_Esum.png has been created
Info in <TCanvas::Print>: png file /fcc/tikim/results/ele/iron_theta3/e_30GeV_0th/e_30GeV_0th_Pleak.png has been created
Info in <TCanvas::Print>: png file /fcc/tikim/results/ele/iron_theta3/e_30GeV_0th/e_30GeV_0th_Pleak_nu.png has been created
Info in <TCanvas::Print>: png file /fcc/tikim/results/ele/iron_theta3/e_30GeV_0th/e_30GeV_0th_SvsC.png has been created
Info in <TCanvas::Print>: png file /fcc/tikim/results/ele/iron_theta3/e_30GeV_0th/e_30GeV_0th_tC.png has been created
Info in <TCanvas::Print>: png file /fcc/tikim/results/ele/iron_theta3/e_30GeV_0th/e_30GeV_0th_tS.png has been created
Info in <TCanvas::Print>: png file /fcc/tikim/results/ele/iron_theta3/e_30GeV_0th/e_30GeV_0th_wavC.png has been created
Info in <TCanvas::Print>: png file /fcc/tikim/results/ele/iron_theta3/e_30GeV_0th/e_30GeV_0th_wavS.png has been created
Info in <TCanvas::Print>: png file /fcc/tikim/results/ele/iron_theta3/e_30GeV_0th/e_30GeV_0th_nhitC.png has been created
Info in <TCanvas::Print>: png file /fcc/tikim/results/ele/iron_theta3/e_30GeV_0th/e_30GeV_0th_nhitS.png has been created
Info in <TCanvas::Print>: png file /fcc/tikim/results/ele/iron_theta3/e_50GeV_0th/e_50GeV_0th_Edep.png has been created
Info in <TCanvas::Print>: png file /fcc/tikim/results/ele/iron_theta3/e_50GeV_0th/e_50GeV_0th_EcsHist.png has been created
Info in <TCanvas::Print>: png file /fcc/tikim/results/ele/iron_theta3/e_50GeV_0th/e_50GeV_0th_Ecs.png has been created
Info in <TCanvas::Print>: png file /fcc/tikim/results/ele/iron_theta3/e_50GeV_0th/e_50GeV_0th_Esum.png has been created
Info in <TCanvas::Print>: png file /fcc/tikim/results/ele/iron_theta3/e_50GeV_0th/e_50GeV_0th_Pleak.png has been created
Info in <TCanvas::Print>: png file /fcc/tikim/results/ele/iron_theta3/e_50GeV_0th/e_50GeV_0th_Pleak_nu.png has been created
Info in <TCanvas::Print>: png file /fcc/tikim/results/ele/iron_theta3/e_50GeV_0th/e_50GeV_0th_SvsC.png has been created
Info in <TCanvas::Print>: png file /fcc/tikim/results/ele/iron_theta3/e_50GeV_0th/e_50GeV_0th_tC.png has been created
Info in <TCanvas::Print>: png file /fcc/tikim/results/ele/iron_theta3/e_50GeV_0th/e_50GeV_0th_tS.png has been created
Info in <TCanvas::Print>: png file /fcc/tikim/results/ele/iron_theta3/e_50GeV_0th/e_50GeV_0th_wavC.png has been created
Info in <TCanvas::Print>: png file /fcc/tikim/results/ele/iron_theta3/e_50GeV_0th/e_50GeV_0th_wavS.png has been created
Info in <TCanvas::Print>: png file /fcc/tikim/results/ele/iron_theta3/e_50GeV_0th/e_50GeV_0th_nhitC.png has been created
Info in <TCanvas::Print>: png file /fcc/tikim/results/ele/iron_theta3/e_50GeV_0th/e_50GeV_0th_nhitS.png has been created
Info in <TCanvas::Print>: png file /fcc/tikim/results/ele/iron_theta3/e_70GeV_0th/e_70GeV_0th_Edep.png has been created
Info in <TCanvas::Print>: png file /fcc/tikim/results/ele/iron_theta3/e_70GeV_0th/e_70GeV_0th_EcsHist.png has been created
Info in <TCanvas::Print>: png file /fcc/tikim/results/ele/iron_theta3/e_70GeV_0th/e_70GeV_0th_Ecs.png has been created
Info in <TCanvas::Print>: png file /fcc/tikim/results/ele/iron_theta3/e_70GeV_0th/e_70GeV_0th_Esum.png has been created
Info in <TCanvas::Print>: png file /fcc/tikim/results/ele/iron_theta3/e_70GeV_0th/e_70GeV_0th_Pleak.png has been created
Info in <TCanvas::Print>: png file /fcc/tikim/results/ele/iron_theta3/e_70GeV_0th/e_70GeV_0th_Pleak_nu.png has been created
Info in <TCanvas::Print>: png file /fcc/tikim/results/ele/iron_theta3/e_70GeV_0th/e_70GeV_0th_SvsC.png has been created
Info in <TCanvas::Print>: png file /fcc/tikim/results/ele/iron_theta3/e_70GeV_0th/e_70GeV_0th_tC.png has been created
Info in <TCanvas::Print>: png file /fcc/tikim/results/ele/iron_theta3/e_70GeV_0th/e_70GeV_0th_tS.png has been created
Info in <TCanvas::Print>: png file /fcc/tikim/results/ele/iron_theta3/e_70GeV_0th/e_70GeV_0th_wavC.png has been created
Info in <TCanvas::Print>: png file /fcc/tikim/results/ele/iron_theta3/e_70GeV_0th/e_70GeV_0th_wavS.png has been created
Info in <TCanvas::Print>: png file /fcc/tikim/results/ele/iron_theta3/e_70GeV_0th/e_70GeV_0th_nhitC.png has been created
Info in <TCanvas::Print>: png file /fcc/tikim/results/ele/iron_theta3/e_70GeV_0th/e_70GeV_0th_nhitS.png has been created
